<?xml version="1.0" encoding="UTF-8"?>
<testng-results skipped="0" failed="0" total="1" passed="1">
  <reporter-output>
  </reporter-output>
  <suite name="Default suite" duration-ms="15377" started-at="2017-06-14T22:35:11Z" finished-at="2017-06-14T22:35:26Z">
    <groups>
    </groups>
    <test name="Default test" duration-ms="15377" started-at="2017-06-14T22:35:11Z" finished-at="2017-06-14T22:35:26Z">
      <class name="Testcases.fbSignUpTC">
        <test-method status="PASS" signature="beforeTest()[pri:0, instance:Testcases.fbSignUpTC@3bfdc050]" name="beforeTest" is-config="true" duration-ms="11773" started-at="2017-06-14T17:35:11Z" finished-at="2017-06-14T17:35:22Z">
          <reporter-output>
          </reporter-output>
        </test-method> <!-- beforeTest -->
        <test-method status="PASS" signature="signUp()[pri:0, instance:Testcases.fbSignUpTC@3bfdc050]" name="signUp" duration-ms="3550" started-at="2017-06-14T17:35:22Z" finished-at="2017-06-14T17:35:26Z">
          <reporter-output>
          </reporter-output>
        </test-method> <!-- signUp -->
        <test-method status="PASS" signature="afterTest()[pri:0, instance:Testcases.fbSignUpTC@3bfdc050]" name="afterTest" is-config="true" duration-ms="1" started-at="2017-06-14T17:35:26Z" finished-at="2017-06-14T17:35:26Z">
          <reporter-output>
          </reporter-output>
        </test-method> <!-- afterTest -->
      </class> <!-- Testcases.fbSignUpTC -->
    </test> <!-- Default test -->
  </suite> <!-- Default suite -->
</testng-results>
